<?xml version="1.0" encoding="UTF-8"?>
<!-- Generated by org.testng.reporters.JUnitReportReporter -->
<testsuite hostname="DESKTOP-9E3NILO" failures="0" tests="1" name="way2automation.AddUser" time="53.199" errors="0" timestamp="2023-12-20T18:51:54 SAST" skipped="0">
  <testcase classname="way2automation.AddUser" name="AddMultipleUsers" time="53.199"/>
  <system-out/>
</testsuite> <!-- way2automation.AddUser -->
